<?xml version="1.0" encoding="UTF-8"?>
<!-- Generated by org.testng.reporters.JUnitReportReporter -->
<testsuite hostname="DESKTOP-P8KL1PI" failures="0" tests="1" name="assignment.Assignment" time="10.025" errors="0" timestamp="2024-08-05T14:24:10 IST" skipped="0">
  <testcase classname="assignment.Assignment" name="iframe" time="10.025"/>
  <system-out/>
</testsuite> <!-- assignment.Assignment -->
