<?xml version="1.0" encoding="UTF-8"?>
<!-- Generated by org.testng.reporters.JUnitReportReporter -->
<testsuite hostname="DESKTOP-P8KL1PI" failures="0" tests="3" name="testScript.TestProgram" time="15.484" errors="0" timestamp="2024-08-08T14:25:55 IST" skipped="0">
  <testcase classname="testScript.TestProgram" name="test1" time="5.295"/>
  <system-out/>
  <testcase classname="testScript.TestProgram" name="show" time="5.335"/>
  <system-out/>
  <testcase classname="testScript.TestProgram" name="display" time="4.854"/>
  <system-out/>
</testsuite> <!-- testScript.TestProgram -->
