<?xml version="1.0" encoding="UTF-8"?>
<!-- Generated by org.testng.reporters.JUnitReportReporter -->
<testsuite hostname="DESKTOP-P8KL1PI" failures="0" tests="8" name="assignment.Assignment" time="155.239" errors="0" timestamp="2024-08-03T17:36:43 IST" skipped="0">
  <testcase classname="assignment.Assignment" name="dropAndDown" time="5.324"/>
  <system-out/>
  <testcase classname="assignment.Assignment" name="iframe" time="38.066"/>
  <system-out/>
  <testcase classname="assignment.Assignment" name="DoubleAndRightCLICK" time="7.653"/>
  <system-out/>
  <testcase classname="assignment.Assignment" name="alerts" time="11.713"/>
  <system-out/>
  <testcase classname="assignment.Assignment" name="checkBox" time="11.853"/>
  <system-out/>
  <testcase classname="assignment.Assignment" name="registerForm" time="6.689"/>
  <system-out/>
  <testcase classname="assignment.Assignment" name="dragAndDrop" time="54.206"/>
  <system-out/>
  <testcase classname="assignment.Assignment" name="MoveElementAction" time="19.735"/>
  <system-out/>
</testsuite> <!-- assignment.Assignment -->
