<?xml version="1.0" encoding="UTF-8"?>
<!-- Generated by org.testng.reporters.JUnitReportReporter -->
<testsuite hostname="DESKTOP-P8KL1PI" failures="0" tests="1" name="testScript.JavaScriptExecutor" time="7.945" errors="0" timestamp="2024-08-06T01:52:35 IST" skipped="0">
  <testcase classname="testScript.JavaScriptExecutor" name="javaScriptExecutor" time="7.945"/>
  <system-out/>
</testsuite> <!-- testScript.JavaScriptExecutor -->
