<?xml version="1.0" encoding="UTF-8"?>
<!-- Generated by org.testng.reporters.JUnitReportReporter -->
<testsuite hostname="DESKTOP-AM5CF8U" failures="0" tests="1" name="testScript.WindowHandle" time="4.536" errors="0" timestamp="2024-07-31T14:08:58 IST" skipped="0">
  <testcase classname="testScript.WindowHandle" name="action" time="4.536"/>
  <system-out/>
</testsuite> <!-- testScript.WindowHandle -->
