<?xml version="1.0" encoding="UTF-8"?>
<!-- Generated by org.testng.reporters.JUnitReportReporter -->
<testsuite hostname="DESKTOP-P8KL1PI" failures="0" tests="1" name="testScript.FileUpload" time="7.201" errors="0" timestamp="2024-08-07T15:22:37 IST" skipped="0">
  <testcase classname="testScript.FileUpload" name="fileUploadUsingRobotClass" time="7.201"/>
  <system-out/>
</testsuite> <!-- testScript.FileUpload -->
