<?xml version="1.0" encoding="UTF-8"?>
<!-- Generated by org.testng.reporters.JUnitReportReporter -->
<testsuite hostname="DESKTOP-P8KL1PI" failures="0" tests="6" name="testScript.Assertion" time="55.905" errors="0" timestamp="2024-08-08T15:22:30 IST" skipped="0">
  <testcase classname="testScript.Assertion" name="assertNotNull" time="7.232"/>
  <system-out/>
  <testcase classname="testScript.Assertion" name="assertTrueTest" time="11.836"/>
  <system-out/>
  <testcase classname="testScript.Assertion" name="assertFalseTest" time="6.281"/>
  <system-out/>
  <testcase classname="testScript.Assertion" name="assertEqualsTest" time="6.412"/>
  <system-out/>
  <testcase classname="testScript.Assertion" name="assertNullTest" time="18.739"/>
  <system-out/>
  <testcase classname="testScript.Assertion" name="assertNotEqualsTest" time="5.405"/>
  <system-out/>
</testsuite> <!-- testScript.Assertion -->
