<?xml version="1.0" encoding="UTF-8"?>
<!-- Generated by org.testng.reporters.JUnitReportReporter -->
<testsuite hostname="DESKTOP-P8KL1PI" failures="0" tests="1" name="testScript.DropDown" time="6.585" errors="0" timestamp="2024-08-03T13:04:07 IST" skipped="0">
  <testcase classname="testScript.DropDown" name="dropDown" time="6.585"/>
  <system-out/>
</testsuite> <!-- testScript.DropDown -->
