<?xml version="1.0" encoding="UTF-8"?>
<!-- Generated by org.testng.reporters.JUnitReportReporter -->
<testsuite hostname="DESKTOP-P8KL1PI" failures="0" tests="8" name="assignment.Assignment" time="95.232" errors="0" timestamp="2024-08-03T16:21:31 IST" skipped="0">
  <testcase classname="assignment.Assignment" name="alerts" time="9.038"/>
  <system-out/>
  <testcase classname="assignment.Assignment" name="MoveElementAction" time="18.067"/>
  <system-out/>
  <testcase classname="assignment.Assignment" name="dropAndDown" time="6.233"/>
  <system-out/>
  <testcase classname="assignment.Assignment" name="checkBox" time="6.744"/>
  <system-out/>
  <testcase classname="assignment.Assignment" name="dragAndDrop" time="32.801"/>
  <system-out/>
  <testcase classname="assignment.Assignment" name="iframe" time="8.253"/>
  <system-out/>
  <testcase classname="assignment.Assignment" name="DoubleAndRightCLICK" time="7.505"/>
  <system-out/>
  <testcase classname="assignment.Assignment" name="registerForm" time="6.591"/>
  <system-out/>
</testsuite> <!-- assignment.Assignment -->
