<?xml version="1.0" encoding="UTF-8"?>
<!-- Generated by org.testng.reporters.JUnitReportReporter -->
<testsuite hostname="DESKTOP-AM5CF8U" failures="0" tests="1" name="testScript.Assignment" time="7.273" errors="0" timestamp="2024-07-31T21:22:29 IST" skipped="0">
  <testcase classname="testScript.Assignment" name="DoubleAndRightClick" time="7.273"/>
  <system-out/>
</testsuite> <!-- testScript.Assignment -->
